<?xml version="1.0" encoding="UTF-8"?>
<testng-results ignored="0" total="1" passed="1" failed="0" skipped="0">
  <reporter-output>
  </reporter-output>
  <suite started-at="2024-11-30T22:57:52 IST" name="Suite" finished-at="2024-11-30T22:58:24 IST" duration-ms="32041">
    <groups>
    </groups>
    <test started-at="2024-11-30T22:57:52 IST" name="Test" finished-at="2024-11-30T22:58:24 IST" duration-ms="32041">
      <class name="Mytest.Testlogin.Testshashi">
        <test-method is-config="true" signature="setup(java.lang.String)[pri:0, instance:Mytest.Testlogin.Testshashi@b86de0d]" started-at="2024-11-30T22:57:52 IST" name="setup" finished-at="2024-11-30T22:58:15 IST" duration-ms="22324" status="PASS">
          <params>
            <param index="0">
              <value>
                <![CDATA[chrome]]>
              </value>
            </param>
          </params>
          <reporter-output>
          </reporter-output>
        </test-method> <!-- setup -->
        <test-method signature="LoginTest()[pri:0, instance:Mytest.Testlogin.Testshashi@b86de0d]" started-at="2024-11-30T22:58:15 IST" name="LoginTest" finished-at="2024-11-30T22:58:20 IST" duration-ms="5725" status="PASS">
          <reporter-output>
          </reporter-output>
        </test-method> <!-- LoginTest -->
        <test-method is-config="true" signature="teardown()[pri:0, instance:Mytest.Testlogin.Testshashi@b86de0d]" started-at="2024-11-30T22:58:20 IST" name="teardown" finished-at="2024-11-30T22:58:24 IST" duration-ms="3886" status="PASS">
          <reporter-output>
          </reporter-output>
        </test-method> <!-- teardown -->
      </class> <!-- Mytest.Testlogin.Testshashi -->
    </test> <!-- Test -->
  </suite> <!-- Suite -->
</testng-results>
